[0;34m[INFO][0m 2025-10-21 16:38:53 - ==========================================
[0;34m[INFO][0m 2025-10-21 16:38:53 - AUTONOMOUS TRADING SYSTEM
[0;34m[INFO][0m 2025-10-21 16:38:53 - Mode: full
[0;34m[INFO][0m 2025-10-21 16:38:53 - ==========================================
[0;34m[INFO][0m 2025-10-21 16:38:53 - Setting up autonomous trading environment...
[0;32m[SUCCESS][0m 2025-10-21 16:38:53 - Environment setup complete
[0;34m[INFO][0m 2025-10-21 16:38:53 - Validating system configuration...
[0;31m[ERROR][0m 2025-10-21 16:38:54 - Invalid JSON in system.json
[0;34m[INFO][0m 2025-10-21 16:38:54 - Cleanup triggered...
[0;34m[INFO][0m 2025-10-21 16:38:54 - Stopping all services...
[0;32m[SUCCESS][0m 2025-10-21 16:38:54 - All services stopped
[0;34m[INFO][0m 2025-10-21 16:46:55 - ==========================================
[0;34m[INFO][0m 2025-10-21 16:46:55 - AUTONOMOUS TRADING SYSTEM
[0;34m[INFO][0m 2025-10-21 16:46:55 - Mode: full
[0;34m[INFO][0m 2025-10-21 16:46:55 - ==========================================
[0;34m[INFO][0m 2025-10-21 16:46:55 - Setting up autonomous trading environment...
[0;32m[SUCCESS][0m 2025-10-21 16:46:55 - Environment setup complete
[0;34m[INFO][0m 2025-10-21 16:46:55 - Validating system configuration...
[0;32m[SUCCESS][0m 2025-10-21 16:46:55 - Configuration validation complete
[0;34m[INFO][0m 2025-10-21 16:46:55 - Building Rust services in release mode...
[0;31m[ERROR][0m 2025-10-21 16:55:46 - Failed to build Rust services
[0;34m[INFO][0m 2025-10-21 16:55:46 - Cleanup triggered...
[0;34m[INFO][0m 2025-10-21 16:55:46 - Stopping all services...
[0;32m[SUCCESS][0m 2025-10-21 16:55:46 - All services stopped
[0;34m[INFO][0m 2025-10-21 17:10:12 - ==========================================
[0;34m[INFO][0m 2025-10-21 17:10:12 - AUTONOMOUS TRADING SYSTEM
[0;34m[INFO][0m 2025-10-21 17:10:12 - Mode: full
[0;34m[INFO][0m 2025-10-21 17:10:12 - ==========================================
[0;34m[INFO][0m 2025-10-21 17:10:12 - Setting up autonomous trading environment...
[0;32m[SUCCESS][0m 2025-10-21 17:10:12 - Environment setup complete
[0;34m[INFO][0m 2025-10-21 17:10:12 - Validating system configuration...
[0;32m[SUCCESS][0m 2025-10-21 17:10:13 - Configuration validation complete
[0;34m[INFO][0m 2025-10-21 17:10:13 - Building Rust services in release mode...
[0;31m[ERROR][0m 2025-10-21 17:13:28 - Failed to build Rust services
[0;34m[INFO][0m 2025-10-21 17:13:28 - Cleanup triggered...
[0;34m[INFO][0m 2025-10-21 17:13:28 - Stopping all services...
[0;32m[SUCCESS][0m 2025-10-21 17:13:28 - All services stopped
[0;34m[INFO][0m 2025-10-21 17:57:08 - ==========================================
[0;34m[INFO][0m 2025-10-21 17:57:08 - AUTONOMOUS TRADING SYSTEM
[0;34m[INFO][0m 2025-10-21 17:57:08 - Mode: full
[0;34m[INFO][0m 2025-10-21 17:57:08 - ==========================================
[0;34m[INFO][0m 2025-10-21 17:57:08 - Setting up autonomous trading environment...
[0;32m[SUCCESS][0m 2025-10-21 17:57:08 - Environment setup complete
[0;34m[INFO][0m 2025-10-21 17:57:08 - Validating system configuration...
[0;32m[SUCCESS][0m 2025-10-21 17:57:08 - Configuration validation complete
[0;34m[INFO][0m 2025-10-21 17:57:08 - Building Rust services in release mode...
[0;32m[SUCCESS][0m 2025-10-21 17:59:41 - Rust services built successfully
[0;34m[INFO][0m 2025-10-21 17:59:42 - ==========================================
[0;34m[INFO][0m 2025-10-21 17:59:42 - PHASE 1: BACKTESTING
[0;34m[INFO][0m 2025-10-21 17:59:42 - ==========================================
[0;34m[INFO][0m 2025-10-21 17:59:42 - Running backtesting engine with historical data...
[0;31m[ERROR][0m 2025-10-21 17:59:42 - Backtesting phase FAILED - metrics below threshold
[0;31m[ERROR][0m 2025-10-21 17:59:42 - Validation failed - aborting paper trading
[0;34m[INFO][0m 2025-10-21 17:59:42 - Cleanup triggered...
[0;34m[INFO][0m 2025-10-21 17:59:42 - Stopping all services...
[0;32m[SUCCESS][0m 2025-10-21 17:59:42 - All services stopped
[0;34m[INFO][0m 2025-10-21 18:01:40 - ==========================================
[0;34m[INFO][0m 2025-10-21 18:01:40 - AUTONOMOUS TRADING SYSTEM
[0;34m[INFO][0m 2025-10-21 18:01:40 - Mode: full
[0;34m[INFO][0m 2025-10-21 18:01:40 - ==========================================
[0;34m[INFO][0m 2025-10-21 18:01:40 - Setting up autonomous trading environment...
[0;32m[SUCCESS][0m 2025-10-21 18:01:40 - Environment setup complete
[0;34m[INFO][0m 2025-10-21 18:01:40 - Validating system configuration...
[0;32m[SUCCESS][0m 2025-10-21 18:01:40 - Configuration validation complete
[0;34m[INFO][0m 2025-10-21 18:01:40 - Building Rust services in release mode...
[0;32m[SUCCESS][0m 2025-10-21 18:02:02 - Rust services built successfully
[0;34m[INFO][0m 2025-10-21 18:02:02 - ==========================================
[0;34m[INFO][0m 2025-10-21 18:02:02 - PHASE 1: BACKTESTING
[0;34m[INFO][0m 2025-10-21 18:02:02 - ==========================================
[0;34m[INFO][0m 2025-10-21 18:02:02 - Running backtesting engine with historical data...
[0;31m[ERROR][0m 2025-10-21 18:02:02 - Backtesting phase FAILED - metrics below threshold
[0;31m[ERROR][0m 2025-10-21 18:02:02 - Validation failed - aborting paper trading
[0;34m[INFO][0m 2025-10-21 18:02:03 - Cleanup triggered...
[0;34m[INFO][0m 2025-10-21 18:02:03 - Stopping all services...
[0;32m[SUCCESS][0m 2025-10-21 18:02:03 - All services stopped
[0;34m[INFO][0m 2025-10-21 18:12:50 - ==========================================
[0;34m[INFO][0m 2025-10-21 18:12:50 - AUTONOMOUS TRADING SYSTEM
[0;34m[INFO][0m 2025-10-21 18:12:50 - Mode: full
[0;34m[INFO][0m 2025-10-21 18:12:50 - ==========================================
[0;34m[INFO][0m 2025-10-21 18:12:50 - Setting up autonomous trading environment...
[0;32m[SUCCESS][0m 2025-10-21 18:12:51 - Environment setup complete
[0;34m[INFO][0m 2025-10-21 18:12:51 - Validating system configuration...
[0;32m[SUCCESS][0m 2025-10-21 18:12:51 - Configuration validation complete
[0;34m[INFO][0m 2025-10-21 18:12:51 - Building Rust services in release mode...
[0;32m[SUCCESS][0m 2025-10-21 18:13:15 - Rust services built successfully
[0;34m[INFO][0m 2025-10-21 18:13:15 - ==========================================
[0;34m[INFO][0m 2025-10-21 18:13:15 - PHASE 1: BACKTESTING
[0;34m[INFO][0m 2025-10-21 18:13:15 - ==========================================
[0;34m[INFO][0m 2025-10-21 18:13:15 - Running backtesting engine with historical data...
[0;31m[ERROR][0m 2025-10-21 18:13:16 - Backtesting phase FAILED - metrics below threshold
[0;31m[ERROR][0m 2025-10-21 18:13:16 - Validation failed - aborting paper trading
[0;34m[INFO][0m 2025-10-21 18:13:16 - Cleanup triggered...
[0;34m[INFO][0m 2025-10-21 18:13:16 - Stopping all services...
[0;32m[SUCCESS][0m 2025-10-21 18:13:16 - All services stopped
[0;34m[INFO][0m 2025-10-21 18:16:45 - ==========================================
[0;34m[INFO][0m 2025-10-21 18:16:45 - AUTONOMOUS TRADING SYSTEM
[0;34m[INFO][0m 2025-10-21 18:16:45 - Mode: full
[0;34m[INFO][0m 2025-10-21 18:16:46 - ==========================================
[0;34m[INFO][0m 2025-10-21 18:16:46 - Setting up autonomous trading environment...
[0;32m[SUCCESS][0m 2025-10-21 18:16:46 - Environment setup complete
[0;34m[INFO][0m 2025-10-21 18:16:46 - Validating system configuration...
[0;32m[SUCCESS][0m 2025-10-21 18:16:50 - Configuration validation complete
[0;34m[INFO][0m 2025-10-21 18:16:50 - Building Rust services in release mode...
[0;32m[SUCCESS][0m 2025-10-21 18:17:10 - Rust services built successfully
[0;34m[INFO][0m 2025-10-21 18:17:10 - ==========================================
[0;34m[INFO][0m 2025-10-21 18:17:10 - PHASE 1: BACKTESTING
[0;34m[INFO][0m 2025-10-21 18:17:10 - ==========================================
[0;34m[INFO][0m 2025-10-21 18:17:10 - Running backtesting engine with historical data...
[0;34m[INFO][0m 2025-10-21 18:18:35 - Cleanup triggered...
[0;34m[INFO][0m 2025-10-21 18:18:35 - Stopping all services...
[0;32m[SUCCESS][0m 2025-10-21 18:18:35 - All services stopped
[0;34m[INFO][0m 2025-10-21 18:18:35 - Cleanup triggered...
[0;34m[INFO][0m 2025-10-21 18:18:35 - Stopping all services...
[0;32m[SUCCESS][0m 2025-10-21 18:18:35 - All services stopped
